2023-06-25T01:45:21.372+02:00  INFO 28170 --- [restartedMain] n.itfakultetet.dbdemo.DbdemoApplication  : Starting DbdemoApplication using Java 19 with PID 28170 (/home/terje/utvikling2/java/dbdemo/target/classes started by terje in /home/terje/utvikling2/java/dbdemo)
2023-06-25T01:45:21.382+02:00  INFO 28170 --- [restartedMain] n.itfakultetet.dbdemo.DbdemoApplication  : No active profile set, falling back to 1 default profile: "default"
2023-06-25T01:45:21.446+02:00  INFO 28170 --- [restartedMain] o.s.b.devtools.restart.ChangeableUrls    : The Class-Path manifest attribute in /home/terje/.m2/repository/com/oracle/database/jdbc/ojdbc8/21.9.0.0/ojdbc8-21.9.0.0.jar referenced one or more files that do not exist: file:/home/terje/.m2/repository/com/oracle/database/jdbc/ojdbc8/21.9.0.0/oraclepki.jar
2023-06-25T01:45:21.447+02:00  INFO 28170 --- [restartedMain] .e.DevToolsPropertyDefaultsPostProcessor : Devtools property defaults active! Set 'spring.devtools.add-properties' to 'false' to disable
2023-06-25T01:45:21.447+02:00  INFO 28170 --- [restartedMain] .e.DevToolsPropertyDefaultsPostProcessor : For additional web related logging consider setting the 'logging.level.web' property to 'DEBUG'
2023-06-25T01:45:22.598+02:00  INFO 28170 --- [restartedMain] o.s.b.w.embedded.tomcat.TomcatWebServer  : Tomcat initialized with port(s): 8080 (http)
2023-06-25T01:45:22.599+02:00  INFO 28170 --- [restartedMain] o.a.catalina.core.AprLifecycleListener   : An older version [1.2.36] of the Apache Tomcat Native library is installed, while Tomcat recommends a minimum version of [2.0.1]
2023-06-25T01:45:22.599+02:00  INFO 28170 --- [restartedMain] o.a.catalina.core.AprLifecycleListener   : Loaded Apache Tomcat Native library [1.2.36] using APR version [1.7.2].
2023-06-25T01:45:22.602+02:00  INFO 28170 --- [restartedMain] o.a.catalina.core.AprLifecycleListener   : OpenSSL successfully initialized [OpenSSL 3.0.9 30 May 2023]
2023-06-25T01:45:22.610+02:00  INFO 28170 --- [restartedMain] o.apache.catalina.core.StandardService   : Starting service [Tomcat]
2023-06-25T01:45:22.611+02:00  INFO 28170 --- [restartedMain] o.apache.catalina.core.StandardEngine    : Starting Servlet engine: [Apache Tomcat/10.1.8]
2023-06-25T01:45:22.652+02:00  INFO 28170 --- [restartedMain] o.a.c.c.C.[Tomcat].[localhost].[/]       : Initializing Spring embedded WebApplicationContext
2023-06-25T01:45:22.653+02:00  INFO 28170 --- [restartedMain] w.s.c.ServletWebServerApplicationContext : Root WebApplicationContext: initialization completed in 1205 ms
2023-06-25T01:45:22.977+02:00  INFO 28170 --- [restartedMain] o.s.b.a.w.s.WelcomePageHandlerMapping    : Adding welcome page template: index
2023-06-25T01:45:23.348+02:00  INFO 28170 --- [restartedMain] o.s.s.web.DefaultSecurityFilterChain     : Will secure any request with [org.springframework.security.web.session.DisableEncodeUrlFilter@45afc083, org.springframework.security.web.context.request.async.WebAsyncManagerIntegrationFilter@6458cc13, org.springframework.security.web.context.SecurityContextHolderFilter@2a29e873, org.springframework.security.web.header.HeaderWriterFilter@6ec15348, org.springframework.security.web.csrf.CsrfFilter@78fd4719, org.springframework.security.web.authentication.logout.LogoutFilter@202fe91e, org.springframework.security.web.authentication.UsernamePasswordAuthenticationFilter@27121922, org.springframework.security.web.authentication.ui.DefaultLoginPageGeneratingFilter@59a78fdc, org.springframework.security.web.authentication.ui.DefaultLogoutPageGeneratingFilter@6b813f86, org.springframework.security.web.authentication.www.BasicAuthenticationFilter@2e01fae7, org.springframework.security.web.savedrequest.RequestCacheAwareFilter@11c68475, org.springframework.security.web.servletapi.SecurityContextHolderAwareRequestFilter@1368c956, org.springframework.security.web.authentication.AnonymousAuthenticationFilter@5ce74808, org.springframework.security.web.access.ExceptionTranslationFilter@4a2c4dbb, org.springframework.security.web.access.intercept.AuthorizationFilter@4b33721a]
2023-06-25T01:45:23.404+02:00  INFO 28170 --- [restartedMain] o.s.b.d.a.OptionalLiveReloadServer       : LiveReload server is running on port 35729
2023-06-25T01:45:23.430+02:00  INFO 28170 --- [restartedMain] o.s.b.w.embedded.tomcat.TomcatWebServer  : Tomcat started on port(s): 8080 (http) with context path ''
2023-06-25T01:45:23.440+02:00  INFO 28170 --- [restartedMain] n.itfakultetet.dbdemo.DbdemoApplication  : Started DbdemoApplication in 2.514 seconds (process running for 2.937)
2023-06-25T01:45:29.352+02:00  INFO 28170 --- [http-nio-8080-exec-1] o.a.c.c.C.[Tomcat].[localhost].[/]       : Initializing Spring DispatcherServlet 'dispatcherServlet'
2023-06-25T01:45:29.352+02:00  INFO 28170 --- [http-nio-8080-exec-1] o.s.web.servlet.DispatcherServlet        : Initializing Servlet 'dispatcherServlet'
2023-06-25T01:45:29.353+02:00  INFO 28170 --- [http-nio-8080-exec-1] o.s.web.servlet.DispatcherServlet        : Completed initialization in 1 ms
2023-06-25T01:47:12.988+02:00  INFO 28170 --- [File Watcher] rtingClassPathChangeChangedEventListener : Restarting due to 1 class path change (0 additions, 1 deletion, 0 modifications)
2023-06-25T01:47:12.992+02:00  INFO 28170 --- [Thread-5] o.apache.catalina.core.StandardService   : Stopping service [Tomcat]
2023-06-25T01:47:12.993+02:00  INFO 28170 --- [Thread-5] o.a.c.c.C.[Tomcat].[localhost].[/]       : Destroying Spring FrameworkServlet 'dispatcherServlet'
2023-06-25T01:47:13.089+02:00  INFO 28170 --- [restartedMain] n.itfakultetet.dbdemo.DbdemoApplication  : Starting DbdemoApplication using Java 19 with PID 28170 (/home/terje/utvikling2/java/dbdemo/target/classes started by terje in /home/terje/utvikling2/java/dbdemo)
2023-06-25T01:47:13.090+02:00  INFO 28170 --- [restartedMain] n.itfakultetet.dbdemo.DbdemoApplication  : No active profile set, falling back to 1 default profile: "default"
2023-06-25T01:47:13.546+02:00  INFO 28170 --- [restartedMain] o.s.b.w.embedded.tomcat.TomcatWebServer  : Tomcat initialized with port(s): 8080 (http)
2023-06-25T01:47:13.547+02:00  INFO 28170 --- [restartedMain] o.a.catalina.core.AprLifecycleListener   : An older version [1.2.36] of the Apache Tomcat Native library is installed, while Tomcat recommends a minimum version of [2.0.1]
2023-06-25T01:47:13.547+02:00  INFO 28170 --- [restartedMain] o.a.catalina.core.AprLifecycleListener   : Loaded Apache Tomcat Native library [1.2.36] using APR version [1.7.2].
2023-06-25T01:47:13.547+02:00  INFO 28170 --- [restartedMain] o.a.catalina.core.AprLifecycleListener   : OpenSSL successfully initialized [OpenSSL 3.0.9 30 May 2023]
2023-06-25T01:47:13.548+02:00  INFO 28170 --- [restartedMain] o.apache.catalina.core.StandardService   : Starting service [Tomcat]
2023-06-25T01:47:13.548+02:00  INFO 28170 --- [restartedMain] o.apache.catalina.core.StandardEngine    : Starting Servlet engine: [Apache Tomcat/10.1.8]
2023-06-25T01:47:13.557+02:00  INFO 28170 --- [restartedMain] o.a.c.c.C.[Tomcat].[localhost].[/]       : Initializing Spring embedded WebApplicationContext
2023-06-25T01:47:13.558+02:00  INFO 28170 --- [restartedMain] w.s.c.ServletWebServerApplicationContext : Root WebApplicationContext: initialization completed in 465 ms
2023-06-25T01:47:13.638+02:00  INFO 28170 --- [restartedMain] o.s.b.a.w.s.WelcomePageHandlerMapping    : Adding welcome page template: index
2023-06-25T01:47:13.730+02:00  INFO 28170 --- [restartedMain] o.s.s.web.DefaultSecurityFilterChain     : Will secure any request with [org.springframework.security.web.session.DisableEncodeUrlFilter@6f515389, org.springframework.security.web.context.request.async.WebAsyncManagerIntegrationFilter@2ba8ba66, org.springframework.security.web.context.SecurityContextHolderFilter@16d5ccdd, org.springframework.security.web.header.HeaderWriterFilter@3e4d819e, org.springframework.security.web.csrf.CsrfFilter@cfb1517, org.springframework.security.web.authentication.logout.LogoutFilter@1287dd9f, org.springframework.security.web.authentication.UsernamePasswordAuthenticationFilter@2fdfdb2, org.springframework.security.web.authentication.ui.DefaultLoginPageGeneratingFilter@7908d202, org.springframework.security.web.authentication.ui.DefaultLogoutPageGeneratingFilter@4655c2cc, org.springframework.security.web.authentication.www.BasicAuthenticationFilter@2e3ab357, org.springframework.security.web.savedrequest.RequestCacheAwareFilter@42d230bd, org.springframework.security.web.servletapi.SecurityContextHolderAwareRequestFilter@2b1bf78e, org.springframework.security.web.authentication.AnonymousAuthenticationFilter@3d8e715a, org.springframework.security.web.access.ExceptionTranslationFilter@fdcdf86, org.springframework.security.web.access.intercept.AuthorizationFilter@5973a9cc]
2023-06-25T01:47:13.756+02:00  INFO 28170 --- [restartedMain] o.s.b.d.a.OptionalLiveReloadServer       : LiveReload server is running on port 35729
2023-06-25T01:47:13.769+02:00  INFO 28170 --- [restartedMain] o.s.b.w.embedded.tomcat.TomcatWebServer  : Tomcat started on port(s): 8080 (http) with context path ''
2023-06-25T01:47:13.775+02:00  INFO 28170 --- [restartedMain] n.itfakultetet.dbdemo.DbdemoApplication  : Started DbdemoApplication in 0.719 seconds (process running for 113.272)
2023-06-25T01:47:13.787+02:00  INFO 28170 --- [restartedMain] .ConditionEvaluationDeltaLoggingListener : Condition evaluation unchanged
2023-06-25T01:47:13.926+02:00  INFO 28170 --- [http-nio-8080-exec-1] o.a.c.c.C.[Tomcat].[localhost].[/]       : Initializing Spring DispatcherServlet 'dispatcherServlet'
2023-06-25T01:47:13.927+02:00  INFO 28170 --- [http-nio-8080-exec-1] o.s.web.servlet.DispatcherServlet        : Initializing Servlet 'dispatcherServlet'
2023-06-25T01:47:13.929+02:00  INFO 28170 --- [http-nio-8080-exec-1] o.s.web.servlet.DispatcherServlet        : Completed initialization in 2 ms
2023-06-25T01:47:15.158+02:00  INFO 28170 --- [File Watcher] rtingClassPathChangeChangedEventListener : Restarting due to 1 class path change (1 addition, 0 deletions, 0 modifications)
2023-06-25T01:47:15.161+02:00  INFO 28170 --- [Thread-7] o.apache.catalina.core.StandardService   : Stopping service [Tomcat]
2023-06-25T01:47:15.161+02:00  INFO 28170 --- [Thread-7] o.a.c.c.C.[Tomcat].[localhost].[/]       : Destroying Spring FrameworkServlet 'dispatcherServlet'
2023-06-25T01:47:15.238+02:00  INFO 28170 --- [restartedMain] n.itfakultetet.dbdemo.DbdemoApplication  : Starting DbdemoApplication using Java 19 with PID 28170 (/home/terje/utvikling2/java/dbdemo/target/classes started by terje in /home/terje/utvikling2/java/dbdemo)
2023-06-25T01:47:15.239+02:00  INFO 28170 --- [restartedMain] n.itfakultetet.dbdemo.DbdemoApplication  : No active profile set, falling back to 1 default profile: "default"
2023-06-25T01:47:15.443+02:00  INFO 28170 --- [restartedMain] o.s.b.w.embedded.tomcat.TomcatWebServer  : Tomcat initialized with port(s): 8080 (http)
2023-06-25T01:47:15.443+02:00  INFO 28170 --- [restartedMain] o.a.catalina.core.AprLifecycleListener   : An older version [1.2.36] of the Apache Tomcat Native library is installed, while Tomcat recommends a minimum version of [2.0.1]
2023-06-25T01:47:15.444+02:00  INFO 28170 --- [restartedMain] o.a.catalina.core.AprLifecycleListener   : Loaded Apache Tomcat Native library [1.2.36] using APR version [1.7.2].
2023-06-25T01:47:15.444+02:00  INFO 28170 --- [restartedMain] o.a.catalina.core.AprLifecycleListener   : OpenSSL successfully initialized [OpenSSL 3.0.9 30 May 2023]
2023-06-25T01:47:15.445+02:00  INFO 28170 --- [restartedMain] o.apache.catalina.core.StandardService   : Starting service [Tomcat]
2023-06-25T01:47:15.445+02:00  INFO 28170 --- [restartedMain] o.apache.catalina.core.StandardEngine    : Starting Servlet engine: [Apache Tomcat/10.1.8]
2023-06-25T01:47:15.456+02:00  INFO 28170 --- [restartedMain] o.a.c.c.C.[Tomcat].[localhost].[/]       : Initializing Spring embedded WebApplicationContext
2023-06-25T01:47:15.456+02:00  INFO 28170 --- [restartedMain] w.s.c.ServletWebServerApplicationContext : Root WebApplicationContext: initialization completed in 216 ms
2023-06-25T01:47:15.523+02:00  INFO 28170 --- [restartedMain] o.s.b.a.w.s.WelcomePageHandlerMapping    : Adding welcome page template: index
2023-06-25T01:47:15.589+02:00  INFO 28170 --- [restartedMain] o.s.s.web.DefaultSecurityFilterChain     : Will secure any request with [org.springframework.security.web.session.DisableEncodeUrlFilter@73bd192, org.springframework.security.web.context.request.async.WebAsyncManagerIntegrationFilter@1a9e7ab6, org.springframework.security.web.context.SecurityContextHolderFilter@ff1d297, org.springframework.security.web.header.HeaderWriterFilter@4c396bd6, org.springframework.security.web.csrf.CsrfFilter@54bd567d, org.springframework.security.web.authentication.logout.LogoutFilter@2b339107, org.springframework.security.web.authentication.UsernamePasswordAuthenticationFilter@17286a0c, org.springframework.security.web.authentication.ui.DefaultLoginPageGeneratingFilter@10b1e15f, org.springframework.security.web.authentication.ui.DefaultLogoutPageGeneratingFilter@4e320be3, org.springframework.security.web.authentication.www.BasicAuthenticationFilter@20a46a47, org.springframework.security.web.savedrequest.RequestCacheAwareFilter@31c173aa, org.springframework.security.web.servletapi.SecurityContextHolderAwareRequestFilter@17514fb8, org.springframework.security.web.authentication.AnonymousAuthenticationFilter@4d47b630, org.springframework.security.web.access.ExceptionTranslationFilter@3fd32cb6, org.springframework.security.web.access.intercept.AuthorizationFilter@292693d0]
2023-06-25T01:47:15.602+02:00  INFO 28170 --- [restartedMain] o.s.b.d.a.OptionalLiveReloadServer       : LiveReload server is running on port 35729
2023-06-25T01:47:15.608+02:00  INFO 28170 --- [restartedMain] o.s.b.w.embedded.tomcat.TomcatWebServer  : Tomcat started on port(s): 8080 (http) with context path ''
2023-06-25T01:47:15.611+02:00  INFO 28170 --- [restartedMain] n.itfakultetet.dbdemo.DbdemoApplication  : Started DbdemoApplication in 0.393 seconds (process running for 115.108)
2023-06-25T01:47:15.614+02:00  INFO 28170 --- [restartedMain] .ConditionEvaluationDeltaLoggingListener : Condition evaluation unchanged
